Sap xep theo cac moc noi suy tang dan
1.0000000000 1.5000000000
1.1250000000 1.5261316222
1.2500000000 1.5603972084
1.3750000000 1.6001582244
1.5000000000 1.6437040304
1.6250000000 1.6898860111
1.7500000000 1.7379107191
1.8750000000 1.7872171656

In cac he so tu x^0 den x^7
3.0261732179 -6.0605071673 9.8110550860 -8.8758540727 5.0583900302 -1.7858356610 0.3577302991 -0.0311517322 

Gia tri da thuc ns Lagrange tai x = 1.0000000000 bang 1.5000000000
Gia tri da thuc ns Lagrange tai x = 1.1250000000 bang 1.5261316222
Gia tri da thuc ns Lagrange tai x = 1.2500000000 bang 1.5603972084
Gia tri da thuc ns Lagrange tai x = 1.3750000000 bang 1.6001582244
Gia tri da thuc ns Lagrange tai x = 1.5000000000 bang 1.6437040304
Gia tri da thuc ns Lagrange tai x = 1.6250000000 bang 1.6898860111
Gia tri da thuc ns Lagrange tai x = 1.7500000000 bang 1.7379107191
Gia tri da thuc ns Lagrange tai x = 1.8750000000 bang 1.7872171656
Gia tri da thuc ns Lagrange tai x = 1.6000000000 bang 1.6804808027
